0 info it worked if it ends with ok
1 verbose cli [ '/usr/local/bin/node',
1 verbose cli   '/usr/local/lib/node_modules/cnpm/node_modules/.bin/npm',
1 verbose cli   '--userconfig=/Users/jiangwanwei/.cnpmrc',
1 verbose cli   '--disturl=https://npm.taobao.org/mirrors/node',
1 verbose cli   '--registry=https://registry.npm.taobao.org',
1 verbose cli   'publish' ]
2 info using npm@3.10.5
3 info using node@v6.2.0
4 verbose publish [ '.' ]
5 silly cache add args [ '.', null ]
6 verbose cache add spec .
7 silly cache add parsed spec Result {
7 silly cache add   raw: '.',
7 silly cache add   scope: null,
7 silly cache add   escapedName: null,
7 silly cache add   name: null,
7 silly cache add   rawSpec: '.',
7 silly cache add   spec: '/Users/jiangwanwei/Sites/test/gulp',
7 silly cache add   type: 'directory' }
8 verbose addLocalDirectory /Users/jiangwanwei/.npm/gulp/1.0.0/package.tgz not in flight; packing
9 verbose correctMkdir /Users/jiangwanwei/.npm correctMkdir not in flight; initializing
10 verbose makeDirectory /Users/jiangwanwei/.npm creation not in flight; initializing
11 silly makeDirectory /Users/jiangwanwei/.npm uid: 501 gid: 20
12 info lifecycle gulp@1.0.0~prepublish: gulp@1.0.0
13 silly lifecycle gulp@1.0.0~prepublish: no script for prepublish, continuing
14 verbose tar pack [ '/Users/jiangwanwei/.npm/gulp/1.0.0/package.tgz',
14 verbose tar pack   '/Users/jiangwanwei/Sites/test/gulp' ]
15 verbose tarball /Users/jiangwanwei/.npm/gulp/1.0.0/package.tgz
16 verbose folder /Users/jiangwanwei/Sites/test/gulp
17 verbose addLocalTarball adding from inside cache /Users/jiangwanwei/.npm/gulp/1.0.0/package.tgz
18 verbose correctMkdir /Users/jiangwanwei/.npm correctMkdir not in flight; initializing
19 silly cache afterAdd gulp@1.0.0
20 verbose afterAdd /Users/jiangwanwei/.npm/gulp/1.0.0/package/package.json not in flight; writing
21 verbose correctMkdir /Users/jiangwanwei/.npm correctMkdir not in flight; initializing
22 verbose afterAdd /Users/jiangwanwei/.npm/gulp/1.0.0/package/package.json written
23 silly publish { name: 'gulp',
23 silly publish   version: '1.0.0',
23 silly publish   description: '',
23 silly publish   main: 'index.js',
23 silly publish   scripts: { test: 'echo "Error: no test specified" && exit 1' },
23 silly publish   author: { name: 'jww' },
23 silly publish   license: 'ISC',
23 silly publish   devDependencies:
23 silly publish    { 'babel-preset-es2015': '^6.9.0',
23 silly publish      del: '^2.2.1',
23 silly publish      'gulp-autoprefixer': '^3.1.0',
23 silly publish      'gulp-babel': '^6.1.2',
23 silly publish      'gulp-cache': '^0.4.5',
23 silly publish      'gulp-clean-css': '^2.0.11',
23 silly publish      'gulp-concat': '^2.6.0',
23 silly publish      'gulp-htmlmin': '^2.0.0',
23 silly publish      'gulp-imagemin': '^3.0.1',
23 silly publish      'gulp-jshint': '^2.0.1',
23 silly publish      'gulp-livereload': '^3.8.1',
23 silly publish      'gulp-make-css-url-version': '^0.0.13',
23 silly publish      'gulp-notify': '^2.2.0',
23 silly publish      'gulp-rename': '^1.2.2',
23 silly publish      'gulp-rev-append': '^0.1.6',
23 silly publish      'gulp-ruby-sass': '^2.0.6',
23 silly publish      'gulp-uglify': '^1.5.4',
23 silly publish      'gulp-util': '^3.0.7',
23 silly publish      'imagemin-pngquant': '^5.0.0',
23 silly publish      jshint: '^2.9.2' },
23 silly publish   dependencies: { gulp: '^3.9.1' },
23 silly publish   readme: 'ERROR: No README data found!',
23 silly publish   _id: 'gulp@1.0.0',
23 silly publish   _shasum: '6c5724d9a45019de2c7326e811dd0212e518669f',
23 silly publish   _from: '.' }
24 verbose getPublishConfig undefined
25 silly mapToRegistry name gulp
26 silly mapToRegistry using default registry
27 silly mapToRegistry registry https://registry.npm.taobao.org/
28 silly mapToRegistry data Result {
28 silly mapToRegistry   raw: 'gulp',
28 silly mapToRegistry   scope: null,
28 silly mapToRegistry   escapedName: 'gulp',
28 silly mapToRegistry   name: 'gulp',
28 silly mapToRegistry   rawSpec: '',
28 silly mapToRegistry   spec: 'latest',
28 silly mapToRegistry   type: 'tag' }
29 silly mapToRegistry uri https://registry.npm.taobao.org/gulp
30 verbose publish registryBase https://registry.npm.taobao.org/
31 silly publish uploading /Users/jiangwanwei/.npm/gulp/1.0.0/package.tgz
32 verbose stack Error: auth required for publishing
32 verbose stack     at CachingRegistryClient.publish (/usr/local/lib/node_modules/cnpm/node_modules/npm/node_modules/npm-registry-client/lib/publish.js:30:14)
32 verbose stack     at /usr/local/lib/node_modules/cnpm/node_modules/npm/lib/publish.js:138:14
32 verbose stack     at mapToRegistry (/usr/local/lib/node_modules/cnpm/node_modules/npm/lib/utils/map-to-registry.js:62:3)
32 verbose stack     at publish_ (/usr/local/lib/node_modules/cnpm/node_modules/npm/lib/publish.js:107:3)
32 verbose stack     at Array.<anonymous> (/usr/local/lib/node_modules/cnpm/node_modules/npm/node_modules/slide/lib/bind-actor.js:15:8)
32 verbose stack     at LOOP (/usr/local/lib/node_modules/cnpm/node_modules/npm/node_modules/slide/lib/chain.js:15:14)
32 verbose stack     at LOOP (/usr/local/lib/node_modules/cnpm/node_modules/npm/node_modules/slide/lib/chain.js:14:28)
32 verbose stack     at chain (/usr/local/lib/node_modules/cnpm/node_modules/npm/node_modules/slide/lib/chain.js:20:5)
32 verbose stack     at /usr/local/lib/node_modules/cnpm/node_modules/npm/lib/publish.js:73:5
32 verbose stack     at RES (/usr/local/lib/node_modules/cnpm/node_modules/npm/node_modules/inflight/inflight.js:23:14)
33 verbose cwd /Users/jiangwanwei/Sites/test/gulp
34 error Darwin 15.5.0
35 error argv "/usr/local/bin/node" "/usr/local/lib/node_modules/cnpm/node_modules/.bin/npm" "--userconfig=/Users/jiangwanwei/.cnpmrc" "--disturl=https://npm.taobao.org/mirrors/node" "--registry=https://registry.npm.taobao.org" "publish"
36 error node v6.2.0
37 error npm  v3.10.5
38 error code ENEEDAUTH
39 error need auth auth required for publishing
40 error need auth You need to authorize this machine using `npm adduser`
41 verbose exit [ 1, true ]
